TN:
SF:src/App.ts
FN:20,(anonymous_0)
FN:25,(anonymous_1)
FN:26,(anonymous_2)
FN:27,(anonymous_3)
FN:29,(anonymous_4)
FN:30,(anonymous_5)
FNF:6
FNH:0
FNDA:0,(anonymous_0)
FNDA:0,(anonymous_1)
FNDA:0,(anonymous_2)
FNDA:0,(anonymous_3)
FNDA:0,(anonymous_4)
FNDA:0,(anonymous_5)
DA:1,0
DA:3,0
DA:4,0
DA:5,0
DA:6,0
DA:11,0
DA:16,0
DA:17,0
DA:19,0
DA:20,0
DA:21,0
DA:25,0
DA:26,0
DA:27,0
DA:28,0
DA:29,0
DA:30,0
LF:17
LH:0
BRF:0
BRH:0
end_of_record
TN:
SF:src/uuid.ts
FN:2,uuid
FNF:1
FNH:1
FNDA:2,uuid
DA:2,1
DA:4,2
DA:6,2
DA:8,64
DA:10,8
DA:12,64
DA:15,2
LF:7
LH:7
BRDA:8,0,0,8
BRDA:8,1,0,64
BRDA:8,1,1,62
BRDA:8,1,2,60
BRDA:8,1,3,58
BRF:5
BRH:5
end_of_record
TN:
SF:src/exec/controllers/index.ts
FN:3,(anonymous_0)
FN:4,(anonymous_1)
FN:5,(anonymous_2)
FN:6,(anonymous_3)
FNF:4
FNH:0
FNDA:0,(anonymous_0)
FNDA:0,(anonymous_1)
FNDA:0,(anonymous_2)
FNDA:0,(anonymous_3)
DA:3,0
DA:4,0
DA:5,0
DA:6,0
LF:4
LH:0
BRF:0
BRH:0
end_of_record
TN:
SF:src/exec/controllers/excution/javaExcution.ts
FN:9,javaExcution
FN:13,(anonymous_16)
FN:20,(anonymous_17)
FN:23,(anonymous_18)
FN:29,(anonymous_19)
FN:42,(anonymous_20)
FN:43,(anonymous_21)
FNF:7
FNH:0
FNDA:0,javaExcution
FNDA:0,(anonymous_16)
FNDA:0,(anonymous_17)
FNDA:0,(anonymous_18)
FNDA:0,(anonymous_19)
FNDA:0,(anonymous_20)
FNDA:0,(anonymous_21)
DA:2,0
DA:3,0
DA:9,0
DA:11,0
DA:13,0
DA:14,0
DA:15,0
DA:16,0
DA:18,0
DA:20,0
DA:21,0
DA:23,0
DA:24,0
DA:25,0
DA:27,0
DA:29,0
DA:30,0
DA:31,0
DA:32,0
DA:36,0
DA:37,0
DA:38,0
DA:42,0
DA:43,0
DA:44,0
DA:45,0
DA:46,0
DA:49,0
LF:28
LH:0
BRDA:14,0,0,0
BRDA:21,1,0,0
BRDA:24,2,0,0
BRDA:30,3,0,0
BRDA:44,4,0,0
BRF:5
BRH:0
end_of_record
TN:
SF:src/exec/controllers/excution/jsExcution.ts
FN:9,jsExcution
FN:13,(anonymous_16)
FN:20,(anonymous_17)
FN:23,(anonymous_18)
FN:29,(anonymous_19)
FN:42,(anonymous_20)
FN:43,(anonymous_21)
FNF:7
FNH:0
FNDA:0,jsExcution
FNDA:0,(anonymous_16)
FNDA:0,(anonymous_17)
FNDA:0,(anonymous_18)
FNDA:0,(anonymous_19)
FNDA:0,(anonymous_20)
FNDA:0,(anonymous_21)
DA:2,0
DA:3,0
DA:9,0
DA:11,0
DA:13,0
DA:14,0
DA:15,0
DA:16,0
DA:18,0
DA:20,0
DA:21,0
DA:23,0
DA:24,0
DA:25,0
DA:27,0
DA:29,0
DA:30,0
DA:31,0
DA:32,0
DA:36,0
DA:37,0
DA:38,0
DA:42,0
DA:43,0
DA:44,0
DA:45,0
DA:46,0
DA:49,0
LF:28
LH:0
BRDA:14,0,0,0
BRDA:21,1,0,0
BRDA:24,2,0,0
BRDA:30,3,0,0
BRDA:44,4,0,0
BRF:5
BRH:0
end_of_record
TN:
SF:src/exec/controllers/excution/pythonExcution.ts
FN:9,pythonExcution
FN:14,(anonymous_16)
FN:21,(anonymous_17)
FN:24,(anonymous_18)
FN:30,(anonymous_19)
FN:43,(anonymous_20)
FN:44,(anonymous_21)
FNF:7
FNH:0
FNDA:0,pythonExcution
FNDA:0,(anonymous_16)
FNDA:0,(anonymous_17)
FNDA:0,(anonymous_18)
FNDA:0,(anonymous_19)
FNDA:0,(anonymous_20)
FNDA:0,(anonymous_21)
DA:2,0
DA:3,0
DA:9,0
DA:11,0
DA:12,0
DA:13,0
DA:14,0
DA:15,0
DA:16,0
DA:17,0
DA:19,0
DA:21,0
DA:22,0
DA:24,0
DA:25,0
DA:26,0
DA:28,0
DA:30,0
DA:31,0
DA:32,0
DA:33,0
DA:37,0
DA:38,0
DA:39,0
DA:43,0
DA:44,0
DA:45,0
DA:46,0
DA:47,0
DA:50,0
LF:30
LH:0
BRDA:15,0,0,0
BRDA:22,1,0,0
BRDA:25,2,0,0
BRDA:31,3,0,0
BRDA:45,4,0,0
BRF:5
BRH:0
end_of_record
TN:
SF:src/exec/controllers/excution/rubyExcution.ts
FN:9,rubyExcution
FN:13,(anonymous_16)
FN:20,(anonymous_17)
FN:23,(anonymous_18)
FN:29,(anonymous_19)
FN:42,(anonymous_20)
FN:43,(anonymous_21)
FNF:7
FNH:0
FNDA:0,rubyExcution
FNDA:0,(anonymous_16)
FNDA:0,(anonymous_17)
FNDA:0,(anonymous_18)
FNDA:0,(anonymous_19)
FNDA:0,(anonymous_20)
FNDA:0,(anonymous_21)
DA:2,0
DA:3,0
DA:9,0
DA:11,0
DA:13,0
DA:14,0
DA:15,0
DA:16,0
DA:18,0
DA:20,0
DA:21,0
DA:23,0
DA:24,0
DA:25,0
DA:27,0
DA:29,0
DA:30,0
DA:31,0
DA:32,0
DA:36,0
DA:37,0
DA:38,0
DA:42,0
DA:43,0
DA:44,0
DA:45,0
DA:46,0
DA:49,0
LF:28
LH:0
BRDA:14,0,0,0
BRDA:21,1,0,0
BRDA:24,2,0,0
BRDA:30,3,0,0
BRDA:44,4,0,0
BRF:5
BRH:0
end_of_record
TN:
SF:src/exec/routes/excution.ts
FNF:0
FNH:0
DA:1,0
DA:4,0
DA:5,0
DA:6,0
DA:9,0
LF:5
LH:0
BRF:0
BRH:0
end_of_record
